{"level":"info","ts":"2023-04-03T17:51:42.119+0800","caller":"channelz/funcs.go:340","msg":"[core][Server #1] Server created","system":"grpc","grpc_log":true}
{"level":"info","ts":"2023-04-03T17:51:42.120+0800","caller":"channelz/funcs.go:340","msg":"[core][Channel #2] Channel created","system":"grpc","grpc_log":true}
{"level":"info","ts":"2023-04-03T17:51:42.120+0800","caller":"channelz/funcs.go:340","msg":"[core][Channel #2] original dial target is: \":50051\"","system":"grpc","grpc_log":true}
{"level":"info","ts":"2023-04-03T17:51:42.120+0800","caller":"channelz/funcs.go:340","msg":"[core][Channel #2] dial target \":50051\" parse failed: parse \":50051\": missing protocol scheme","system":"grpc","grpc_log":true}
{"level":"info","ts":"2023-04-03T17:51:42.120+0800","caller":"channelz/funcs.go:340","msg":"[core][Channel #2] fallback to scheme \"passthrough\"","system":"grpc","grpc_log":true}
{"level":"info","ts":"2023-04-03T17:51:42.120+0800","caller":"channelz/funcs.go:340","msg":"[core][Server #1 ListenSocket #3] ListenSocket created","system":"grpc","grpc_log":true}
{"level":"info","ts":"2023-04-03T17:51:42.120+0800","caller":"channelz/funcs.go:340","msg":"[core][Channel #2] parsed dial target is: {Scheme:passthrough Authority: URL:{Scheme:passthrough Opaque: User: Host: Path:/:50051 RawPath: OmitHost:false ForceQuery:false RawQuery: Fragment: RawFragment:}}","system":"grpc","grpc_log":true}
{"level":"info","ts":"2023-04-03T17:51:42.120+0800","caller":"channelz/funcs.go:340","msg":"[core][Channel #2] Channel authority set to \"localhost:50051\"","system":"grpc","grpc_log":true}
{"level":"info","ts":"2023-04-03T17:51:42.120+0800","caller":"channelz/funcs.go:340","msg":"[core][Channel #2] Resolver state updated: {\n  \"Addresses\": [\n    {\n      \"Addr\": \":50051\",\n      \"ServerName\": \"\",\n      \"Attributes\": null,\n      \"BalancerAttributes\": null,\n      \"Type\": 0,\n      \"Metadata\": null\n    }\n  ],\n  \"ServiceConfig\": null,\n  \"Attributes\": null\n} (resolver returned new addresses)","system":"grpc","grpc_log":true}
{"level":"info","ts":"2023-04-03T17:51:42.120+0800","caller":"channelz/funcs.go:340","msg":"[core][Channel #2] Channel switches to new LB policy \"pick_first\"","system":"grpc","grpc_log":true}
{"level":"info","ts":"2023-04-03T17:51:42.120+0800","caller":"channelz/funcs.go:340","msg":"[core][Channel #2 SubChannel #4] Subchannel created","system":"grpc","grpc_log":true}
{"level":"info","ts":"2023-04-03T17:51:42.120+0800","caller":"channelz/funcs.go:340","msg":"[core][Channel #2] Channel Connectivity change to CONNECTING","system":"grpc","grpc_log":true}
{"level":"info","ts":"2023-04-03T17:51:42.121+0800","caller":"channelz/funcs.go:340","msg":"[core][Channel #2 SubChannel #4] Subchannel Connectivity change to CONNECTING","system":"grpc","grpc_log":true}
{"level":"info","ts":"2023-04-03T17:51:42.121+0800","caller":"channelz/funcs.go:340","msg":"[core][Channel #2 SubChannel #4] Subchannel picks a new address \":50051\" to connect","system":"grpc","grpc_log":true}
{"level":"info","ts":"2023-04-03T17:51:42.122+0800","caller":"grpclog/component.go:55","msg":"[core]CPU time info is unavailable on non-linux environments.","system":"grpc","grpc_log":true}
{"level":"info","ts":"2023-04-03T17:51:42.122+0800","caller":"channelz/funcs.go:340","msg":"[core][Channel #2 SubChannel #4] Subchannel Connectivity change to READY","system":"grpc","grpc_log":true}
{"level":"info","ts":"2023-04-03T17:51:42.122+0800","caller":"channelz/funcs.go:340","msg":"[core][Channel #2] Channel Connectivity change to READY","system":"grpc","grpc_log":true}
{"level":"info","ts":"2023-04-03T17:54:17.770+0800","caller":"zap/server_interceptors.go:39","msg":"finished unary call with code OK","grpc.start_time":"2023-04-03T17:54:17+08:00","system":"grpc","span.kind":"server","grpc.service":"proto.v1.PermissionService","grpc.method":"GetAdmin","grpc.code":"OK","grpc.time_ms":0.013}
{"level":"info","ts":"2023-04-03T17:54:25.807+0800","caller":"zap/server_interceptors.go:39","msg":"finished unary call with code OK","grpc.start_time":"2023-04-03T17:54:25+08:00","system":"grpc","span.kind":"server","grpc.service":"proto.v1.PermissionService","grpc.method":"GetAdmin","grpc.code":"OK","grpc.time_ms":0.015}
{"level":"info","ts":"2023-04-03T17:55:46.708+0800","caller":"runtime/errors.go:180","msg":"Failed to extract ServerMetadata from context","system":"grpc","grpc_log":true}
{"level":"info","ts":"2023-04-03T17:56:02.319+0800","caller":"zap/server_interceptors.go:39","msg":"finished unary call with code OK","grpc.start_time":"2023-04-03T17:56:02+08:00","system":"grpc","span.kind":"server","grpc.service":"proto.v1.PermissionService","grpc.method":"GetAdmin","grpc.code":"OK","grpc.time_ms":0.012}
{"level":"info","ts":"2023-04-04T11:47:27.125+0800","caller":"channelz/funcs.go:340","msg":"[core][Server #1 ListenSocket #3] ListenSocket deleted","system":"grpc","grpc_log":true}
{"level":"info","ts":"2023-04-04T11:47:27.130+0800","caller":"channelz/funcs.go:340","msg":"[core][Channel #2 SubChannel #4] Subchannel Connectivity change to IDLE","system":"grpc","grpc_log":true}
{"level":"info","ts":"2023-04-04T11:47:27.131+0800","caller":"channelz/funcs.go:340","msg":"[core][Channel #2] Channel Connectivity change to IDLE","system":"grpc","grpc_log":true}
